2025-06-18 17:34:35,834 [INFO] Activator:176 - 


2025-06-18 17:34:35,837 [INFO] Activator:177 - !SESSION log4j initialized
2025-06-18 17:34:37,869 [INFO] LogOutputStream:77 - [STDOUT_REDIRECT] 
2025-06-18 17:34:48,989 [INFO] ApplicationProperties:184 - Using Application install path: C:\ST\STM32CubeIDE_1.18.1\STM32CubeIDE\plugins\com.st.stm32cube.common.mx_6.14.1.202504091515
2025-06-18 17:34:49,003 [INFO] DbMcusXml:78 - Set database path to: C:\ST\STM32CubeIDE_1.18.1\STM32CubeIDE\plugins\com.st.stm32cube.common.mx_6.14.1.202504091515\\db\/mcu/
2025-06-18 17:34:49,003 [INFO] ApiDb:274 - Set plugin database path to: C:\ST\STM32CubeIDE_1.18.1\STM32CubeIDE\plugins\com.st.stm32cube.common.mx_6.14.1.202504091515\\db\/plugins/boardmanager/
2025-06-18 17:34:49,003 [WARN] ApiDb:259 - Overriding images path with different value:  => C:\ST\STM32CubeIDE_1.18.1\STM32CubeIDE\plugins\com.st.stm32cube.common.mx_6.14.1.202504091515\\db\/plugins/mcufinder/images/
2025-06-18 17:34:49,007 [INFO] ApiDb:250 - Set database path to: C:\Users\cargi\.stmcufinder\plugins\mcufinder//mcu/
2025-06-18 17:34:49,008 [INFO] DbMcusAds:125 - Set database path to: C:\Users\cargi\.stmcufinder\plugins\mcufinder//mcu/
2025-06-18 17:34:49,018 [INFO] CrossReferenceDbSqlite:203 - Set database path to: C:\Users\cargi\.stmcufinder\plugins\mcufinder//mcu/cs/
2025-06-18 17:34:49,109 [INFO] RulesReader:64 - Compatibility file has been processed (302 Rules)
2025-06-18 17:34:49,190 [INFO] DbMcusXml:78 - Set database path to: C:\ST\STM32CubeIDE_1.18.1\STM32CubeIDE\plugins\com.st.stm32cube.common.mx_6.14.1.202504091515\\db\/mcu/
2025-06-18 17:34:49,190 [INFO] ApiDb:274 - Set plugin database path to: C:\ST\STM32CubeIDE_1.18.1\STM32CubeIDE\plugins\com.st.stm32cube.common.mx_6.14.1.202504091515\\db\/plugins/boardmanager/
2025-06-18 17:34:49,190 [INFO] ApiDb:261 - Set plugin images path to: C:\ST\STM32CubeIDE_1.18.1\STM32CubeIDE\plugins\com.st.stm32cube.common.mx_6.14.1.202504091515\\db\/plugins/mcufinder/images/
2025-06-18 17:34:49,190 [WARN] DbFile:41 - Overriding database path with different value: C:\Users\cargi\.stmcufinder\plugins\mcufinder/ => C:\Users\cargi\.stmcufinder\plugins\mcufinder
2025-06-18 17:34:49,190 [INFO] ApiDb:250 - Set database path to: C:\Users\cargi\.stmcufinder\plugins\mcufinder//mcu/
2025-06-18 17:34:49,190 [WARN] DbFile:41 - Overriding database path with different value: C:\Users\cargi\.stmcufinder\plugins\mcufinder/ => C:\Users\cargi\.stmcufinder\plugins\mcufinder
2025-06-18 17:34:49,190 [INFO] DbMcusAds:125 - Set database path to: C:\Users\cargi\.stmcufinder\plugins\mcufinder//mcu/
2025-06-18 17:34:49,190 [WARN] DbFile:41 - Overriding database path with different value: C:\Users\cargi\.stmcufinder\plugins\mcufinder/ => C:\Users\cargi\.stmcufinder\plugins\mcufinder
2025-06-18 17:34:49,191 [WARN] DbFile:41 - Overriding database path with different value: C:\Users\cargi\.stmcufinder\plugins\mcufinder/ => C:\Users\cargi\.stmcufinder\plugins\mcufinder
2025-06-18 17:34:49,191 [INFO] CrossReferenceDbSqlite:203 - Set database path to: C:\Users\cargi\.stmcufinder\plugins\mcufinder//mcu/cs/
2025-06-18 17:34:49,250 [INFO] MainPanel:272 - HeapMemory: 268435456
2025-06-18 17:34:49,318 [INFO] DbMcusXml:78 - Set database path to: C:\ST\STM32CubeIDE_1.18.1\STM32CubeIDE\plugins\com.st.stm32cube.common.mx_6.14.1.202504091515\\db\/mcu/
2025-06-18 17:34:49,318 [INFO] ApiDb:274 - Set plugin database path to: C:\ST\STM32CubeIDE_1.18.1\STM32CubeIDE\plugins\com.st.stm32cube.common.mx_6.14.1.202504091515\\db\/plugins/boardmanager/
2025-06-18 17:34:49,318 [INFO] ApiDb:261 - Set plugin images path to: C:\ST\STM32CubeIDE_1.18.1\STM32CubeIDE\plugins\com.st.stm32cube.common.mx_6.14.1.202504091515\\db\/plugins/mcufinder/images/
2025-06-18 17:34:49,319 [WARN] DbFile:41 - Overriding database path with different value: C:\Users\cargi\.stmcufinder\plugins\mcufinder/ => C:\Users\cargi\.stmcufinder\plugins\mcufinder
2025-06-18 17:34:49,319 [INFO] ApiDb:250 - Set database path to: C:\Users\cargi\.stmcufinder\plugins\mcufinder//mcu/
2025-06-18 17:34:49,319 [WARN] DbFile:41 - Overriding database path with different value: C:\Users\cargi\.stmcufinder\plugins\mcufinder/ => C:\Users\cargi\.stmcufinder\plugins\mcufinder
2025-06-18 17:34:49,319 [INFO] DbMcusAds:125 - Set database path to: C:\Users\cargi\.stmcufinder\plugins\mcufinder//mcu/
2025-06-18 17:34:49,319 [WARN] DbFile:41 - Overriding database path with different value: C:\Users\cargi\.stmcufinder\plugins\mcufinder/ => C:\Users\cargi\.stmcufinder\plugins\mcufinder
2025-06-18 17:34:49,319 [WARN] DbFile:41 - Overriding database path with different value: C:\Users\cargi\.stmcufinder\plugins\mcufinder/ => C:\Users\cargi\.stmcufinder\plugins\mcufinder
2025-06-18 17:34:49,319 [INFO] CrossReferenceDbSqlite:203 - Set database path to: C:\Users\cargi\.stmcufinder\plugins\mcufinder//mcu/cs/
2025-06-18 17:34:49,335 [INFO] ApplicationProperties:184 - Using Application install path: C:\ST\STM32CubeIDE_1.18.1\STM32CubeIDE\plugins\com.st.stm32cube.common.mx_6.14.1.202504091515
2025-06-18 17:34:49,336 [INFO] PluginManage:196 - Search for loadable plugins [exclusion list=, ]
2025-06-18 17:34:49,337 [INFO] PluginManage:310 - Check plugin analytics
2025-06-18 17:34:49,520 [INFO] AnalyticsPlugin:253 - Accepted Software Licenses: STM32CubeMX.6.14.1
2025-06-18 17:34:49,521 [INFO] AnalyticsPlugin:255 - Accepted CMSIS Pack Licenses: 
2025-06-18 17:34:49,521 [INFO] AnalyticsPlugin:257 - Accepted Firmware Licenses: FW.F4.1.28.0
2025-06-18 17:34:49,525 [INFO] PluginManage:359 - Loaded plugin analytics (category:tool,tabindex:-1)
2025-06-18 17:34:49,526 [INFO] PluginManage:310 - Check plugin cadmodel
2025-06-18 17:34:49,530 [INFO] CADModel:105 - Init CAD model plugin
2025-06-18 17:34:49,530 [INFO] PluginManage:359 - Loaded plugin cadmodel (category:power,tabindex:5)
2025-06-18 17:34:49,531 [INFO] PluginManage:310 - Check plugin clock
2025-06-18 17:34:49,542 [INFO] PluginManage:359 - Loaded plugin clock (category:base,tabindex:2)
2025-06-18 17:34:49,542 [INFO] PluginManage:310 - Check plugin ddr
2025-06-18 17:34:49,546 [INFO] PluginManage:359 - Loaded plugin ddr (category:tool,tabindex:6)
2025-06-18 17:34:49,546 [INFO] PluginManage:310 - Check plugin filemanager
2025-06-18 17:34:49,734 [INFO] PluginManage:359 - Loaded plugin filemanager (category:base,tabindex:10)
2025-06-18 17:34:49,734 [INFO] PluginManage:310 - Check plugin ipmanager
2025-06-18 17:34:49,740 [INFO] PluginManage:359 - Loaded plugin ipmanager (category:base,tabindex:5)
2025-06-18 17:34:49,741 [INFO] PluginManage:310 - Check plugin lpbam
2025-06-18 17:34:49,746 [INFO] PluginManage:359 - Loaded plugin lpbam (category:base,tabindex:0)
2025-06-18 17:34:49,746 [INFO] PluginManage:310 - Check plugin memorymap
2025-06-18 17:34:49,755 [INFO] PluginManage:359 - Loaded plugin memorymap (category:base,tabindex:4)
2025-06-18 17:34:49,756 [INFO] PluginManage:310 - Check plugin pinoutandconfiguration
2025-06-18 17:34:49,761 [INFO] PluginManage:359 - Loaded plugin pinoutandconfiguration (category:base,tabindex:1)
2025-06-18 17:34:49,761 [INFO] PluginManage:310 - Check plugin pinoutconfig
2025-06-18 17:34:49,836 [WARN] SupportedApi:132 - Cannot load RTOS API schema: s4s-elt-must-match.1: The content of 'definitions' must match (annotation?, (simpleType | complexType)?, (unique | key | keyref)*)). A problem was found starting at: attribute.
2025-06-18 17:34:49,936 [INFO] PluginManage:359 - Loaded plugin pinoutconfig (category:base,tabindex:0)
2025-06-18 17:34:49,937 [INFO] PluginManage:310 - Check plugin power
2025-06-18 17:34:49,943 [INFO] PluginManage:359 - Loaded plugin power (category:power,tabindex:4)
2025-06-18 17:34:49,943 [INFO] PluginManage:310 - Check plugin projectmanager
2025-06-18 17:34:49,957 [INFO] PluginManage:359 - Loaded plugin projectmanager (category:projectmanager,tabindex:4)
2025-06-18 17:34:49,958 [INFO] PluginManage:310 - Check plugin rif
2025-06-18 17:34:49,962 [INFO] PluginManage:359 - Loaded plugin rif (category:base,tabindex:3)
2025-06-18 17:34:49,962 [INFO] PluginManage:310 - Check plugin thirdparty
2025-06-18 17:34:50,085 [WARN] IntegrityCheckThread:84 - waiting for thirdparty lock release [integrity check]
2025-06-18 17:34:50,086 [INFO] IntegrityCheckThread:86 - entering critical section [integrity check]
2025-06-18 17:34:50,086 [INFO] ThirdPartyUpdaterWithRetryManager:70 - Updater plugin not ready yet. [1/15]
2025-06-18 17:34:50,086 [INFO] PluginManage:359 - Loaded plugin thirdparty (category:base,tabindex:-1)
2025-06-18 17:34:50,086 [INFO] PluginManage:310 - Check plugin tools
2025-06-18 17:34:50,089 [INFO] PluginManage:359 - Loaded plugin tools (category:base,tabindex:7)
2025-06-18 17:34:50,089 [INFO] PluginManage:310 - Check plugin tutovideos
2025-06-18 17:34:50,244 [INFO] PluginManage:359 - Loaded plugin tutovideos (category:base,tabindex:-1)
2025-06-18 17:34:50,245 [INFO] PluginManage:310 - Check plugin updater
2025-06-18 17:34:50,264 [INFO] PluginManage:359 - Loaded plugin updater (category:base,tabindex:12)
2025-06-18 17:34:50,265 [INFO] PluginManage:310 - Check plugin userauth
2025-06-18 17:34:50,270 [INFO] UserAuth:118 - Init User Auth plugin
2025-06-18 17:34:50,271 [INFO] PluginManage:359 - Loaded plugin userauth (category:base,tabindex:14)
2025-06-18 17:34:50,271 [INFO] PluginManage:283 - PluginManage : Loaded plugins [18]
2025-06-18 17:34:50,440 [INFO] PinOutPanel:1589 - setPackage(No Configuration,No Configuration)
2025-06-18 17:34:50,511 [INFO] CADModel:165 - CPN selected for project level
2025-06-18 17:34:50,511 [INFO] CADModel:114 - Register for checkConnection events
2025-06-18 17:34:50,523 [INFO] IPUIPlugin:80 - create IPUIPlugin
2025-06-18 17:34:50,524 [INFO] PluginManager:220 - loadIPPluginJar : add adc
2025-06-18 17:34:50,525 [INFO] IPUIPlugin:80 - create IPUIPlugin
2025-06-18 17:34:50,526 [INFO] PluginManager:220 - loadIPPluginJar : add aes
2025-06-18 17:34:50,527 [INFO] IPUIPlugin:80 - create IPUIPlugin
2025-06-18 17:34:50,527 [INFO] PluginManager:220 - loadIPPluginJar : add can
2025-06-18 17:34:50,529 [INFO] IPUIPlugin:80 - create IPUIPlugin
2025-06-18 17:34:50,529 [INFO] PluginManager:220 - loadIPPluginJar : add comp
2025-06-18 17:34:50,530 [INFO] IPUIPlugin:80 - create IPUIPlugin
2025-06-18 17:34:50,530 [INFO] PluginManager:220 - loadIPPluginJar : add cryp
2025-06-18 17:34:50,532 [INFO] IPUIPlugin:80 - create IPUIPlugin
2025-06-18 17:34:50,532 [INFO] PluginManager:220 - loadIPPluginJar : add ddr_ctrl_phy
2025-06-18 17:34:50,534 [INFO] IPUIPlugin:80 - create IPUIPlugin
2025-06-18 17:34:50,534 [INFO] PluginManager:220 - loadIPPluginJar : add dfsdm
2025-06-18 17:34:50,539 [INFO] IPUIPlugin:80 - create IPUIPlugin
2025-06-18 17:34:50,539 [INFO] PluginManager:220 - loadIPPluginJar : add dma
2025-06-18 17:34:50,542 [INFO] IPUIPlugin:80 - create IPUIPlugin
2025-06-18 17:34:50,542 [INFO] PluginManager:220 - loadIPPluginJar : add dma3
2025-06-18 17:34:50,545 [INFO] IPUIPlugin:80 - create IPUIPlugin
2025-06-18 17:34:50,545 [INFO] PluginManager:220 - loadIPPluginJar : add extmemmanager
2025-06-18 17:34:50,546 [INFO] IPUIPlugin:80 - create IPUIPlugin
2025-06-18 17:34:50,547 [INFO] PluginManager:220 - loadIPPluginJar : add fatfs
2025-06-18 17:34:50,551 [INFO] IPUIPlugin:80 - create IPUIPlugin
2025-06-18 17:34:50,551 [INFO] PluginManager:220 - loadIPPluginJar : add fmc
2025-06-18 17:34:50,561 [INFO] IPUIPlugin:80 - create IPUIPlugin
2025-06-18 17:34:50,562 [INFO] PluginManager:220 - loadIPPluginJar : add freertos
2025-06-18 17:34:50,563 [INFO] IPUIPlugin:80 - create IPUIPlugin
2025-06-18 17:34:50,563 [INFO] PluginManager:220 - loadIPPluginJar : add genericplugin
2025-06-18 17:34:50,565 [INFO] IPUIPlugin:80 - create IPUIPlugin
2025-06-18 17:34:50,565 [INFO] PluginManager:220 - loadIPPluginJar : add gfxmmu
2025-06-18 17:34:50,569 [INFO] IPUIPlugin:80 - create IPUIPlugin
2025-06-18 17:34:50,569 [INFO] PluginManager:220 - loadIPPluginJar : add gic
2025-06-18 17:34:50,572 [INFO] IPUIPlugin:80 - create IPUIPlugin
2025-06-18 17:34:50,572 [INFO] PluginManager:220 - loadIPPluginJar : add gpio
2025-06-18 17:34:50,574 [INFO] IPUIPlugin:80 - create IPUIPlugin
2025-06-18 17:34:50,575 [INFO] PluginManager:220 - loadIPPluginJar : add gtzc
2025-06-18 17:34:50,576 [INFO] IPUIPlugin:80 - create IPUIPlugin
2025-06-18 17:34:50,576 [INFO] PluginManager:220 - loadIPPluginJar : add hash
2025-06-18 17:34:50,578 [INFO] IPUIPlugin:80 - create IPUIPlugin
2025-06-18 17:34:50,578 [INFO] PluginManager:220 - loadIPPluginJar : add i2c
2025-06-18 17:34:50,580 [INFO] IPUIPlugin:80 - create IPUIPlugin
2025-06-18 17:34:50,580 [INFO] PluginManager:220 - loadIPPluginJar : add i2s
2025-06-18 17:34:50,583 [INFO] IPUIPlugin:80 - create IPUIPlugin
2025-06-18 17:34:50,583 [INFO] PluginManager:220 - loadIPPluginJar : add i3c
2025-06-18 17:34:50,586 [INFO] IPUIPlugin:80 - create IPUIPlugin
2025-06-18 17:34:50,586 [INFO] PluginManager:220 - loadIPPluginJar : add ipddr
2025-06-18 17:34:50,591 [INFO] IPUIPlugin:80 - create IPUIPlugin
2025-06-18 17:34:50,591 [INFO] PluginManager:220 - loadIPPluginJar : add linkedlist
2025-06-18 17:34:50,594 [INFO] IPUIPlugin:80 - create IPUIPlugin
2025-06-18 17:34:50,595 [INFO] PluginManager:220 - loadIPPluginJar : add lorawan
2025-06-18 17:34:50,596 [INFO] IPUIPlugin:80 - create IPUIPlugin
2025-06-18 17:34:50,596 [INFO] PluginManager:220 - loadIPPluginJar : add ltdc
2025-06-18 17:34:50,599 [INFO] IPUIPlugin:80 - create IPUIPlugin
2025-06-18 17:34:50,600 [INFO] PluginManager:220 - loadIPPluginJar : add mdma
2025-06-18 17:34:50,602 [INFO] IPUIPlugin:80 - create IPUIPlugin
2025-06-18 17:34:50,603 [INFO] PluginManager:220 - loadIPPluginJar : add nvic
2025-06-18 17:34:50,605 [INFO] IPUIPlugin:80 - create IPUIPlugin
2025-06-18 17:34:50,605 [INFO] PluginManager:220 - loadIPPluginJar : add opamp
2025-06-18 17:34:50,607 [INFO] IPUIPlugin:80 - create IPUIPlugin
2025-06-18 17:34:50,607 [INFO] PluginManager:220 - loadIPPluginJar : add openamp
2025-06-18 17:34:50,609 [INFO] IPUIPlugin:80 - create IPUIPlugin
2025-06-18 17:34:50,609 [INFO] PluginManager:220 - loadIPPluginJar : add pdm2pcm
2025-06-18 17:34:50,613 [INFO] IPUIPlugin:80 - create IPUIPlugin
2025-06-18 17:34:50,616 [INFO] PluginManager:220 - loadIPPluginJar : add plateformsettings
2025-06-18 17:34:50,617 [INFO] IPUIPlugin:80 - create IPUIPlugin
2025-06-18 17:34:50,617 [INFO] PluginManager:220 - loadIPPluginJar : add quadspi
2025-06-18 17:34:50,619 [INFO] IPUIPlugin:80 - create IPUIPlugin
2025-06-18 17:34:50,620 [INFO] PluginManager:220 - loadIPPluginJar : add radio
2025-06-18 17:34:50,622 [INFO] IPUIPlugin:80 - create IPUIPlugin
2025-06-18 17:34:50,622 [INFO] PluginManager:220 - loadIPPluginJar : add resmgrutility
2025-06-18 17:34:50,624 [INFO] IPUIPlugin:80 - create IPUIPlugin
2025-06-18 17:34:50,624 [INFO] PluginManager:220 - loadIPPluginJar : add sai
2025-06-18 17:34:50,626 [INFO] IPUIPlugin:80 - create IPUIPlugin
2025-06-18 17:34:50,626 [INFO] PluginManager:220 - loadIPPluginJar : add spi
2025-06-18 17:34:50,630 [INFO] IPUIPlugin:80 - create IPUIPlugin
2025-06-18 17:34:50,630 [INFO] PluginManager:220 - loadIPPluginJar : add stm32_wpan
2025-06-18 17:34:50,632 [INFO] IPUIPlugin:80 - create IPUIPlugin
2025-06-18 17:34:50,632 [INFO] PluginManager:220 - loadIPPluginJar : add tim
2025-06-18 17:34:50,635 [INFO] IPUIPlugin:80 - create IPUIPlugin
2025-06-18 17:34:50,635 [INFO] PluginManager:220 - loadIPPluginJar : add touchsensing
2025-06-18 17:34:50,638 [INFO] IPUIPlugin:80 - create IPUIPlugin
2025-06-18 17:34:50,638 [INFO] PluginManager:220 - loadIPPluginJar : add tracer_emb
2025-06-18 17:34:50,639 [INFO] IPUIPlugin:80 - create IPUIPlugin
2025-06-18 17:34:50,639 [INFO] PluginManager:220 - loadIPPluginJar : add ts
2025-06-18 17:34:50,640 [INFO] IPUIPlugin:80 - create IPUIPlugin
2025-06-18 17:34:50,640 [INFO] PluginManager:220 - loadIPPluginJar : add tsc
2025-06-18 17:34:50,642 [INFO] IPUIPlugin:80 - create IPUIPlugin
2025-06-18 17:34:50,642 [INFO] PluginManager:220 - loadIPPluginJar : add ucpd
2025-06-18 17:34:50,644 [INFO] IPUIPlugin:80 - create IPUIPlugin
2025-06-18 17:34:50,644 [INFO] PluginManager:220 - loadIPPluginJar : add usart
2025-06-18 17:34:50,646 [INFO] IPUIPlugin:80 - create IPUIPlugin
2025-06-18 17:34:50,646 [INFO] PluginManager:220 - loadIPPluginJar : add usbx
2025-06-18 17:34:50,761 [FATAL] Updater:351 - Updater called before beeing initialized
2025-06-18 17:34:50,801 [INFO] RulesReader:64 - Compatibility file has been processed (302 Rules)
2025-06-18 17:34:50,816 [INFO] RulesReader:64 - Compatibility file has been processed (302 Rules)
2025-06-18 17:34:50,827 [INFO] CADModel:165 - CPN selected for project level
2025-06-18 17:34:50,828 [INFO] CADModel:114 - Register for checkConnection events
2025-06-18 17:34:50,828 [FATAL] Updater:351 - Updater called before beeing initialized
2025-06-18 17:34:50,828 [ERROR] CADModel:125 - Updater not yet initialized, retry later 
2025-06-18 17:34:50,963 [FATAL] Updater:351 - Updater called before beeing initialized
2025-06-18 17:34:50,964 [INFO] CADModel:165 - CPN selected for project level
2025-06-18 17:34:50,964 [INFO] CADModel:114 - Register for checkConnection events
2025-06-18 17:34:50,964 [FATAL] Updater:351 - Updater called before beeing initialized
2025-06-18 17:34:50,964 [ERROR] CADModel:125 - Updater not yet initialized, retry later 
2025-06-18 17:34:50,967 [FATAL] Updater:351 - Updater called before beeing initialized
2025-06-18 17:34:51,054 [FATAL] Updater:351 - Updater called before beeing initialized
2025-06-18 17:34:51,057 [INFO] DbMcusAds:53 - JSON generation date=Wed May 07 05:07:55 EDT 2025 (1746608875484)
2025-06-18 17:34:51,058 [FATAL] Updater:351 - Updater called before beeing initialized
2025-06-18 17:34:51,086 [WARN] DetailPanel:346 - Failed to get advertising image, set to default
2025-06-18 17:34:51,288 [FATAL] Updater:351 - Updater called before beeing initialized
2025-06-18 17:34:51,292 [FATAL] Updater:351 - Updater called before beeing initialized
2025-06-18 17:34:51,293 [FATAL] Updater:351 - Updater called before beeing initialized
2025-06-18 17:34:51,293 [WARN] DetailPanel:346 - Failed to get advertising image, set to default
2025-06-18 17:34:51,293 [FATAL] Updater:351 - Updater called before beeing initialized
2025-06-18 17:34:51,331 [ERROR] Updater:1198 - MainUpdater not yet initialized. External WinMGr cannot be set.
2025-06-18 17:34:51,332 [INFO] Updater:1134 - Updater Version found : 6.14.1
2025-06-18 17:34:51,344 [INFO] ApplicationProperties:184 - Using Application install path: C:\ST\STM32CubeIDE_1.18.1\STM32CubeIDE\plugins\com.st.stm32cube.common.mx_6.14.1.202504091515
2025-06-18 17:34:52,919 [ERROR] LogOutputStream:75 - [STDERR_REDIRECT] Jun 18, 2025 5:34:52 PM java.util.prefs.WindowsPreferences <init>
2025-06-18 17:34:52,921 [ERROR] LogOutputStream:75 - [STDERR_REDIRECT] WARNING: Could not open/create prefs root node Software\JavaSoft\Prefs at root 0xffffffff80000002. Windows RegCreateKeyEx(...) returned error code 5.
2025-06-18 17:34:52,921 [ERROR] LogOutputStream:75 - [STDERR_REDIRECT] 
2025-06-18 17:34:53,088 [INFO] ThirdPartyUpdaterWithRetryManager:70 - Updater plugin not ready yet. [2/15]
2025-06-18 17:34:53,320 [INFO] MainUpdater:2872 - connection check result : 10
2025-06-18 17:34:53,321 [INFO] MainUpdater:289 - Updater Check For Update Now.
2025-06-18 17:34:53,322 [INFO] MicroXplorer:498 - Change Database Version : DB.6.0.141
2025-06-18 17:34:53,348 [INFO] McuFinderGlobals:63 - Set McuFinder mode to 2 (CubeIDE integrated)
2025-06-18 17:34:53,349 [INFO] UserAuth:484 - Internet connection configuration mode: 1
2025-06-18 17:34:53,391 [INFO] JxBrowserEngine:152 - Initiate JxBrowser Engine with user profile folder
2025-06-18 17:34:53,517 [INFO] CheckServerUpdateThread:120 - End of CheckServer Thread
2025-06-18 17:34:54,049 [INFO] WebApp:169 - Instantiating new browser for Auth
2025-06-18 17:34:54,652 [INFO] WebApp:463 - Apply proxy settings
2025-06-18 17:34:54,652 [INFO] WebApp:548 - Chromium requires no authentication
2025-06-18 17:34:54,659 [INFO] WebApp:491 - Direct internet connection detected
2025-06-18 17:34:54,678 [INFO] WebApp:894 - Register for checkConnection events
2025-06-18 17:34:54,678 [INFO] WebApp:463 - Apply proxy settings
2025-06-18 17:34:54,679 [INFO] WebApp:548 - Chromium requires no authentication
2025-06-18 17:34:54,679 [INFO] WebApp:491 - Direct internet connection detected
2025-06-18 17:34:54,826 [INFO] WebApp:225 - Starting web application
2025-06-18 17:34:54,826 [INFO] WebApp:593 - Web application path used C:\ST\STM32CubeIDE_1.18.1\STM32CubeIDE\plugins\com.st.stm32cube.common.mx_6.14.1.202504091515\db\plugins\mcufinder\reactClient1\index.html
2025-06-18 17:34:54,927 [INFO] UserAuth:484 - Internet connection configuration mode: 1
2025-06-18 17:34:54,966 [INFO] WebApp:191 - Connection restablished
2025-06-18 17:34:56,262 [WARN] PackLoader:240 - Cannot read IP mode file for STMicroelectronics.FP-SNS-MOTENVWB1.1.4.0
2025-06-18 17:34:56,273 [WARN] PackLoader:240 - Cannot read IP mode file for STMicroelectronics.FP-ATR-ASTRA1.2.0.2
2025-06-18 17:34:56,284 [WARN] PackLoader:240 - Cannot read IP mode file for STMicroelectronics.X-CUBE-SMBUS.2.1.0
2025-06-18 17:34:56,289 [WARN] PackLoader:240 - Cannot read IP mode file for STMicroelectronics.X-CUBE-ST60.1.0.0
2025-06-18 17:34:56,316 [WARN] PackLoader:240 - Cannot read IP mode file for STMicroelectronics.X-CUBE-AZRTOS-F7.1.1.0
2025-06-18 17:34:56,345 [WARN] PackLoader:240 - Cannot read IP mode file for Infineon.AIROC-Wi-Fi-Bluetooth-STM32.1.7.0
2025-06-18 17:34:56,358 [WARN] PackLoader:240 - Cannot read IP mode file for STMicroelectronics.X-CUBE-DISPLAY.3.0.0
2025-06-18 17:34:56,377 [WARN] PackLoader:240 - Cannot read IP mode file for STMicroelectronics.X-CUBE-NFC10.1.0.0
2025-06-18 17:34:56,387 [WARN] PackLoader:240 - Cannot read IP mode file for STMicroelectronics.X-CUBE-BLEMGR.4.0.0
2025-06-18 17:34:56,396 [WARN] PackLoader:240 - Cannot read IP mode file for emotas.I-CUBE-CANOPEN.1.3.0
2025-06-18 17:34:56,399 [WARN] ConditionMgr:438 - getConditionDescription Invalid condition id : Cortex-A Device cause : null
2025-06-18 17:34:56,416 [WARN] ConditionMgr:1044 - genDependencies : Invalid condition id : Cortex-A Device cause : null
2025-06-18 17:34:56,416 [WARN] ConditionMgr:1044 - genDependencies : Invalid condition id : Cortex-A Device cause : null
2025-06-18 17:34:56,416 [WARN] ConditionMgr:1044 - genDependencies : Invalid condition id : Cortex-A Device cause : null
2025-06-18 17:34:56,420 [WARN] PackLoader:240 - Cannot read IP mode file for STMicroelectronics.FP-SNS-SMARTAG2.1.2.0
2025-06-18 17:34:56,425 [WARN] PackLoader:240 - Cannot read IP mode file for STMicroelectronics.FP-SNS-FLIGHT1.5.1.0
2025-06-18 17:34:56,437 [INFO] LogOutputStream:77 - [STDOUT_REDIRECT] 1 : Invalid condition id : UX_CORESTACK_Condition cause : null
2025-06-18 17:34:56,438 [INFO] LogOutputStream:77 - [STDOUT_REDIRECT] 1 : Invalid condition id : UX_CORESTACK_Condition cause : null
2025-06-18 17:34:56,440 [INFO] LogOutputStream:77 - [STDOUT_REDIRECT] 1 : Invalid condition id : UX_CORESTACK_Condition cause : null
2025-06-18 17:34:56,441 [INFO] LogOutputStream:77 - [STDOUT_REDIRECT] 1 : Invalid condition id : UX_CORESTACK_Condition cause : null
2025-06-18 17:34:56,442 [INFO] LogOutputStream:77 - [STDOUT_REDIRECT] 1 : Invalid condition id : UX_CORESTACK_Condition cause : null
2025-06-18 17:34:56,445 [WARN] PackLoader:240 - Cannot read IP mode file for STMicroelectronics.X-CUBE-AZRTOS-WL.2.0.0
2025-06-18 17:34:56,450 [WARN] PackLoader:240 - Cannot read IP mode file for STMicroelectronics.FP-SNS-MOTENV1.5.0.0
2025-06-18 17:34:56,462 [WARN] PackLoader:240 - Cannot read IP mode file for WES.I-CUBE-Cesium.1.3.0
2025-06-18 17:34:56,466 [WARN] PackLoader:240 - Cannot read IP mode file for STMicroelectronics.X-CUBE-BLE2.3.3.0
2025-06-18 17:34:56,476 [WARN] PackLoader:240 - Cannot read IP mode file for STMicroelectronics.X-CUBE-NFC9.1.0.0
2025-06-18 17:34:56,481 [WARN] PackLoader:240 - Cannot read IP mode file for wolfSSL.I-CUBE-wolfSSL.5.8.0
2025-06-18 17:34:56,485 [WARN] PackLoader:240 - Cannot read IP mode file for STMicroelectronics.X-CUBE-BLE1.7.1.0
2025-06-18 17:34:56,488 [WARN] PackLoader:240 - Cannot read IP mode file for wolfSSL.I-CUBE-wolfMQTT.1.19.2
2025-06-18 17:34:56,491 [WARN] PackLoader:240 - Cannot read IP mode file for STMicroelectronics.X-CUBE-AI.10.1.0
2025-06-18 17:34:56,500 [WARN] PackLoader:240 - Cannot read IP mode file for STMicroelectronics.X-CUBE-AZRTOS-G0.1.1.0
2025-06-18 17:34:56,508 [WARN] PackLoader:240 - Cannot read IP mode file for STMicroelectronics.X-CUBE-SAFEA1.1.2.2
2025-06-18 17:34:56,512 [WARN] PackLoader:240 - Cannot read IP mode file for STMicroelectronics.X-CUBE-NFC4.3.0.0
2025-06-18 17:34:56,522 [WARN] PackLoader:240 - Cannot read IP mode file for EmbeddedOffice.I-CUBE-FS-RTOS.1.0.1
2025-06-18 17:34:56,527 [WARN] PackLoader:240 - Cannot read IP mode file for STMicroelectronics.X-CUBE-WB05N.2.0.0
2025-06-18 17:34:56,530 [WARN] PackLoader:240 - Cannot read IP mode file for wolfSSL.I-CUBE-wolfTPM.3.8.0
2025-06-18 17:34:56,534 [WARN] PackLoader:240 - Cannot read IP mode file for STMicroelectronics.X-CUBE-TCPP.4.2.0
2025-06-18 17:34:56,538 [WARN] PackLoader:240 - Cannot read IP mode file for RealThread.X-CUBE-RT-Thread_Nano.4.1.1
2025-06-18 17:34:56,542 [WARN] PackLoader:240 - Cannot read IP mode file for STMicroelectronics.FP-ATR-SIGFOX1.3.2.0
2025-06-18 17:34:56,545 [WARN] PackLoader:240 - Cannot read IP mode file for STMicroelectronics.X-CUBE-EEPRMA1.5.1.0
2025-06-18 17:34:56,551 [WARN] PackLoader:240 - Cannot read IP mode file for ITTIA_DB.I-CUBE-ITTIADB.8.9.0
2025-06-18 17:34:56,562 [WARN] PackLoader:240 - Cannot read IP mode file for STMicroelectronics.X-CUBE-ST67W61.1.0.0
2025-06-18 17:34:56,581 [WARN] PackLoader:240 - Cannot read IP mode file for SEGGER.I-CUBE-embOS.1.3.1
2025-06-18 17:34:56,607 [WARN] PackLoader:240 - Cannot read IP mode file for STMicroelectronics.X-CUBE-ALGOBUILD.1.4.0
2025-06-18 17:34:56,636 [WARN] PackLoader:240 - Cannot read IP mode file for STMicroelectronics.X-CUBE-MEMS1.11.3.0
2025-06-18 17:34:56,769 [WARN] PackLoader:240 - Cannot read IP mode file for STMicroelectronics.X-CUBE-AZRTOS-F4.1.1.0
2025-06-18 17:34:56,774 [WARN] PackLoader:240 - Cannot read IP mode file for Avnet-IotConnect.X-CUBE-IoTC-DA16k-PMOD.1.0.0
2025-06-18 17:34:56,778 [WARN] PackLoader:240 - Cannot read IP mode file for STMicroelectronics.X-CUBE-ISPU.2.1.0
2025-06-18 17:34:56,787 [WARN] PackLoader:240 - Cannot read IP mode file for STMicroelectronics.X-CUBE-AZRTOS-L5.2.0.0
2025-06-18 17:34:56,793 [WARN] PackLoader:240 - Cannot read IP mode file for STMicroelectronics.X-CUBE-NFC6.3.1.0
2025-06-18 17:34:56,798 [WARN] PackLoader:240 - Cannot read IP mode file for STMicroelectronics.X-CUBE-FREERTOS.1.3.1
2025-06-18 17:34:56,802 [WARN] PackLoader:240 - Cannot read IP mode file for STMicroelectronics.X-CUBE-DPower.1.3.0
2025-06-18 17:34:56,811 [WARN] ConditionMgr:438 - getConditionDescription Invalid condition id : LAN8742 Phy interface Condition cause : null
2025-06-18 17:34:56,811 [WARN] PackLoader:240 - Cannot read IP mode file for STMicroelectronics.X-CUBE-AZRTOS-L4.2.0.0
2025-06-18 17:34:56,812 [WARN] ConditionMgr:1044 - genDependencies : Invalid condition id : LAN8742 Phy interface Condition cause : null
2025-06-18 17:34:56,812 [WARN] ConditionMgr:1044 - genDependencies : Invalid condition id : LAN8742 Phy interface Condition cause : null
2025-06-18 17:34:56,813 [WARN] ConditionMgr:1044 - genDependencies : Invalid condition id : LAN8742 Phy interface Condition cause : null
2025-06-18 17:34:56,817 [WARN] PackLoader:240 - Cannot read IP mode file for STMicroelectronics.X-CUBE-SFXS2LP1.4.0.0
2025-06-18 17:34:56,828 [WARN] PackLoader:240 - Cannot read IP mode file for STMicroelectronics.X-CUBE-AZRTOS-H7.3.3.0
2025-06-18 17:34:56,837 [WARN] ConditionMgr:438 - getConditionDescription Invalid condition id : UX DEVICE CLASS RTOS Condition cause : null
2025-06-18 17:34:56,837 [WARN] ConditionMgr:438 - getConditionDescription Invalid condition id : UX DEVICE CLASS RTOS Condition cause : null
2025-06-18 17:34:56,838 [WARN] PackLoader:240 - Cannot read IP mode file for STMicroelectronics.X-CUBE-AZRTOS-WB.2.0.0
2025-06-18 17:34:56,838 [WARN] ConditionMgr:1044 - genDependencies : Invalid condition id : UX DEVICE CLASS RTOS Condition cause : null
2025-06-18 17:34:56,838 [WARN] ConditionMgr:1044 - genDependencies : Invalid condition id : UX DEVICE CLASS RTOS Condition cause : null
2025-06-18 17:34:56,838 [WARN] ConditionMgr:1044 - genDependencies : Invalid condition id : UX DEVICE CLASS RTOS Condition cause : null
2025-06-18 17:34:56,838 [WARN] ConditionMgr:1044 - genDependencies : Invalid condition id : UX DEVICE CLASS RTOS Condition cause : null
2025-06-18 17:34:56,838 [WARN] ConditionMgr:1044 - genDependencies : Invalid condition id : UX DEVICE CLASS RTOS Condition cause : null
2025-06-18 17:34:56,847 [WARN] PackLoader:240 - Cannot read IP mode file for STMicroelectronics.X-CUBE-GNSS1.7.0.1
2025-06-18 17:34:56,853 [WARN] PackLoader:240 - Cannot read IP mode file for STMicroelectronics.X-CUBE-TOUCHGFX.4.25.0
2025-06-18 17:34:56,857 [WARN] PackLoader:240 - Cannot read IP mode file for STMicroelectronics.FP-SNS-STBOX1.2.0.0
2025-06-18 17:34:56,864 [WARN] PackLoader:240 - Cannot read IP mode file for STMicroelectronics.X-CUBE-SUBG2.5.0.0
2025-06-18 17:34:56,876 [WARN] PackLoader:240 - Cannot read IP mode file for STMicroelectronics.X-CUBE-AZRTOS-H7RS.1.1.0
2025-06-18 17:34:56,881 [WARN] PackLoader:240 - Cannot read IP mode file for Cesanta.I-CUBE-Mongoose.7.13.0
2025-06-18 17:34:56,888 [WARN] PackLoader:240 - Cannot read IP mode file for STMicroelectronics.X-CUBE-AZRTOS-G4.2.0.0
2025-06-18 17:34:56,892 [WARN] PackLoader:240 - Cannot read IP mode file for wolfSSL.I-CUBE-wolfSSH.1.4.20
2025-06-18 17:34:56,895 [WARN] PackLoader:240 - Cannot read IP mode file for STMicroelectronics.X-CUBE-NFC7.2.0.0
2025-06-18 17:34:56,902 [WARN] PackLoader:240 - Cannot read IP mode file for STMicroelectronics.X-CUBE-IPS.3.1.0
2025-06-18 17:34:56,909 [WARN] PackLoader:240 - Cannot read IP mode file for STMicroelectronics.X-CUBE-ALS.1.0.2
2025-06-18 17:34:56,912 [WARN] PackLoader:240 - Cannot read IP mode file for portGmbH.I-Cube-SoM-uGOAL.1.1.0
2025-06-18 17:34:56,918 [WARN] PackLoader:240 - Cannot read IP mode file for STMicroelectronics.X-CUBE-TOF1.3.4.3
2025-06-18 17:34:56,926 [INFO] ThirdParty:978 - Integrity check success = true
2025-06-18 17:34:56,926 [INFO] IntegrityCheckThread:100 - exiting critical section [integrity check]
2025-06-18 17:34:56,926 [INFO] IntegrityCheckThread:103 - End integrity checks thread
